Determining if the Q_WS_WIN exist failed with the following output:
Change Dir: /home/pi/lemonpos/build/CMakeFiles/CMakeTmp

Run Build Command:/usr/bin/make "cmTryCompileExec812750088/fast"
/usr/bin/make -f CMakeFiles/cmTryCompileExec812750088.dir/build.make CMakeFiles/cmTryCompileExec812750088.dir/build
make[1]: Entering directory '/home/pi/lemonpos/build/CMakeFiles/CMakeTmp'
/usr/bin/cmake -E cmake_progress_report /home/pi/lemonpos/build/CMakeFiles/CMakeTmp/CMakeFiles 1
Building C object CMakeFiles/cmTryCompileExec812750088.dir/CheckSymbolExists.c.o
/usr/bin/gcc   -I/usr/include/qt4    -o CMakeFiles/cmTryCompileExec812750088.dir/CheckSymbolExists.c.o   -c /home/pi/lemonpos/build/CMakeFiles/CMakeTmp/CheckSymbolExists.c
/home/pi/lemonpos/build/CMakeFiles/CMakeTmp/CheckSymbolExists.c: In function ‘main’:
/home/pi/lemonpos/build/CMakeFiles/CMakeTmp/CheckSymbolExists.c:8:19: error: ‘Q_WS_WIN’ undeclared (first use in this function)
/home/pi/lemonpos/build/CMakeFiles/CMakeTmp/CheckSymbolExists.c:8:19: note: each undeclared identifier is reported only once for each function it appears in
CMakeFiles/cmTryCompileExec812750088.dir/build.make:57: recipe for target 'CMakeFiles/cmTryCompileExec812750088.dir/CheckSymbolExists.c.o' failed
make[1]: Leaving directory '/home/pi/lemonpos/build/CMakeFiles/CMakeTmp'
make[1]: *** [CMakeFiles/cmTryCompileExec812750088.dir/CheckSymbolExists.c.o] Error 1
Makefile:114: recipe for target 'cmTryCompileExec812750088/fast' failed
make: *** [cmTryCompileExec812750088/fast] Error 2

File /home/pi/lemonpos/build/CMakeFiles/CMakeTmp/CheckSymbolExists.c:
/* */
#include <QtCore/qglobal.h>

int main(int argc, char** argv)
{
  (void)argv;
#ifndef Q_WS_WIN
  return ((int*)(&Q_WS_WIN))[argc];
#else
  (void)argc;
  return 0;
#endif
}

Determining if the Q_WS_QWS exist failed with the following output:
Change Dir: /home/pi/lemonpos/build/CMakeFiles/CMakeTmp

Run Build Command:/usr/bin/make "cmTryCompileExec1628908002/fast"
/usr/bin/make -f CMakeFiles/cmTryCompileExec1628908002.dir/build.make CMakeFiles/cmTryCompileExec1628908002.dir/build
make[1]: Entering directory '/home/pi/lemonpos/build/CMakeFiles/CMakeTmp'
/usr/bin/cmake -E cmake_progress_report /home/pi/lemonpos/build/CMakeFiles/CMakeTmp/CMakeFiles 1
Building C object CMakeFiles/cmTryCompileExec1628908002.dir/CheckSymbolExists.c.o
/usr/bin/gcc   -I/usr/include/qt4    -o CMakeFiles/cmTryCompileExec1628908002.dir/CheckSymbolExists.c.o   -c /home/pi/lemonpos/build/CMakeFiles/CMakeTmp/CheckSymbolExists.c
/home/pi/lemonpos/build/CMakeFiles/CMakeTmp/CheckSymbolExists.c: In function ‘main’:
/home/pi/lemonpos/build/CMakeFiles/CMakeTmp/CheckSymbolExists.c:8:19: error: ‘Q_WS_QWS’ undeclared (first use in this function)
/home/pi/lemonpos/build/CMakeFiles/CMakeTmp/CheckSymbolExists.c:8:19: note: each undeclared identifier is reported only once for each function it appears in
CMakeFiles/cmTryCompileExec1628908002.dir/build.make:57: recipe for target 'CMakeFiles/cmTryCompileExec1628908002.dir/CheckSymbolExists.c.o' failed
make[1]: *** [CMakeFiles/cmTryCompileExec1628908002.dir/CheckSymbolExists.c.o] Error 1
make[1]: Leaving directory '/home/pi/lemonpos/build/CMakeFiles/CMakeTmp'
Makefile:114: recipe for target 'cmTryCompileExec1628908002/fast' failed
make: *** [cmTryCompileExec1628908002/fast] Error 2

File /home/pi/lemonpos/build/CMakeFiles/CMakeTmp/CheckSymbolExists.c:
/* */
#include <QtCore/qglobal.h>

int main(int argc, char** argv)
{
  (void)argv;
#ifndef Q_WS_QWS
  return ((int*)(&Q_WS_QWS))[argc];
#else
  (void)argc;
  return 0;
#endif
}

Determining if the Q_WS_MAC exist failed with the following output:
Change Dir: /home/pi/lemonpos/build/CMakeFiles/CMakeTmp

Run Build Command:/usr/bin/make "cmTryCompileExec2906056410/fast"
/usr/bin/make -f CMakeFiles/cmTryCompileExec2906056410.dir/build.make CMakeFiles/cmTryCompileExec2906056410.dir/build
make[1]: Entering directory '/home/pi/lemonpos/build/CMakeFiles/CMakeTmp'
/usr/bin/cmake -E cmake_progress_report /home/pi/lemonpos/build/CMakeFiles/CMakeTmp/CMakeFiles 1
Building C object CMakeFiles/cmTryCompileExec2906056410.dir/CheckSymbolExists.c.o
/usr/bin/gcc   -I/usr/include/qt4    -o CMakeFiles/cmTryCompileExec2906056410.dir/CheckSymbolExists.c.o   -c /home/pi/lemonpos/build/CMakeFiles/CMakeTmp/CheckSymbolExists.c
/home/pi/lemonpos/build/CMakeFiles/CMakeTmp/CheckSymbolExists.c: In function ‘main’:
/home/pi/lemonpos/build/CMakeFiles/CMakeTmp/CheckSymbolExists.c:8:19: error: ‘Q_WS_MAC’ undeclared (first use in this function)
/home/pi/lemonpos/build/CMakeFiles/CMakeTmp/CheckSymbolExists.c:8:19: note: each undeclared identifier is reported only once for each function it appears in
CMakeFiles/cmTryCompileExec2906056410.dir/build.make:57: recipe for target 'CMakeFiles/cmTryCompileExec2906056410.dir/CheckSymbolExists.c.o' failed
make[1]: Leaving directory '/home/pi/lemonpos/build/CMakeFiles/CMakeTmp'
make[1]: *** [CMakeFiles/cmTryCompileExec2906056410.dir/CheckSymbolExists.c.o] Error 1
Makefile:114: recipe for target 'cmTryCompileExec2906056410/fast' failed
make: *** [cmTryCompileExec2906056410/fast] Error 2

File /home/pi/lemonpos/build/CMakeFiles/CMakeTmp/CheckSymbolExists.c:
/* */
#include <QtCore/qglobal.h>

int main(int argc, char** argv)
{
  (void)argv;
#ifndef Q_WS_MAC
  return ((int*)(&Q_WS_MAC))[argc];
#else
  (void)argc;
  return 0;
#endif
}

Determining if the pthread_create exist failed with the following output:
Change Dir: /home/pi/lemonpos/build/CMakeFiles/CMakeTmp

Run Build Command:/usr/bin/make "cmTryCompileExec3160876635/fast"
/usr/bin/make -f CMakeFiles/cmTryCompileExec3160876635.dir/build.make CMakeFiles/cmTryCompileExec3160876635.dir/build
make[1]: Entering directory '/home/pi/lemonpos/build/CMakeFiles/CMakeTmp'
/usr/bin/cmake -E cmake_progress_report /home/pi/lemonpos/build/CMakeFiles/CMakeTmp/CMakeFiles 1
Building C object CMakeFiles/cmTryCompileExec3160876635.dir/CheckSymbolExists.c.o
/usr/bin/gcc    -o CMakeFiles/cmTryCompileExec3160876635.dir/CheckSymbolExists.c.o   -c /home/pi/lemonpos/build/CMakeFiles/CMakeTmp/CheckSymbolExists.c
Linking C executable cmTryCompileExec3160876635
/usr/bin/cmake -E cmake_link_script CMakeFiles/cmTryCompileExec3160876635.dir/link.txt --verbose=1
/usr/bin/gcc         CMakeFiles/cmTryCompileExec3160876635.dir/CheckSymbolExists.c.o  -o cmTryCompileExec3160876635 -rdynamic 
CMakeFiles/cmTryCompileExec3160876635.dir/CheckSymbolExists.c.o: In function `main':
CheckSymbolExists.c:(.text+0x38): undefined reference to `pthread_create'
collect2: ld returned 1 exit status
CMakeFiles/cmTryCompileExec3160876635.dir/build.make:88: recipe for target 'cmTryCompileExec3160876635' failed
make[1]: Leaving directory '/home/pi/lemonpos/build/CMakeFiles/CMakeTmp'
make[1]: *** [cmTryCompileExec3160876635] Error 1
Makefile:114: recipe for target 'cmTryCompileExec3160876635/fast' failed
make: *** [cmTryCompileExec3160876635/fast] Error 2

File /home/pi/lemonpos/build/CMakeFiles/CMakeTmp/CheckSymbolExists.c:
/* */
#include <pthread.h>

int main(int argc, char** argv)
{
  (void)argv;
#ifndef pthread_create
  return ((int*)(&pthread_create))[argc];
#else
  (void)argc;
  return 0;
#endif
}

Determining if the function pthread_create exists in the pthreads failed with the following output:
Change Dir: /home/pi/lemonpos/build/CMakeFiles/CMakeTmp

Run Build Command:/usr/bin/make "cmTryCompileExec2855978419/fast"
/usr/bin/make -f CMakeFiles/cmTryCompileExec2855978419.dir/build.make CMakeFiles/cmTryCompileExec2855978419.dir/build
make[1]: Entering directory '/home/pi/lemonpos/build/CMakeFiles/CMakeTmp'
/usr/bin/cmake -E cmake_progress_report /home/pi/lemonpos/build/CMakeFiles/CMakeTmp/CMakeFiles 1
Building C object CMakeFiles/cmTryCompileExec2855978419.dir/CheckFunctionExists.c.o
/usr/bin/gcc   -DCHECK_FUNCTION_EXISTS=pthread_create   -o CMakeFiles/cmTryCompileExec2855978419.dir/CheckFunctionExists.c.o   -c /usr/share/cmake-2.8/Modules/CheckFunctionExists.c
Linking C executable cmTryCompileExec2855978419
/usr/bin/cmake -E cmake_link_script CMakeFiles/cmTryCompileExec2855978419.dir/link.txt --verbose=1
/usr/bin/gcc     -DCHECK_FUNCTION_EXISTS=pthread_create    CMakeFiles/cmTryCompileExec2855978419.dir/CheckFunctionExists.c.o  -o cmTryCompileExec2855978419 -rdynamic -lpthreads 
/usr/bin/ld: cannot find -lpthreads
collect2: ld returned 1 exit status
CMakeFiles/cmTryCompileExec2855978419.dir/build.make:88: recipe for target 'cmTryCompileExec2855978419' failed
make[1]: Leaving directory '/home/pi/lemonpos/build/CMakeFiles/CMakeTmp'
make[1]: *** [cmTryCompileExec2855978419] Error 1
Makefile:114: recipe for target 'cmTryCompileExec2855978419/fast' failed
make: *** [cmTryCompileExec2855978419/fast] Error 2


Performing C++ SOURCE FILE Test _OFFT_IS_64BIT failed with the following output:
Change Dir: /home/pi/lemonpos/build/CMakeFiles/CMakeTmp

Run Build Command:/usr/bin/make "cmTryCompileExec1136013503/fast"
/usr/bin/make -f CMakeFiles/cmTryCompileExec1136013503.dir/build.make CMakeFiles/cmTryCompileExec1136013503.dir/build
make[1]: Entering directory '/home/pi/lemonpos/build/CMakeFiles/CMakeTmp'
/usr/bin/cmake -E cmake_progress_report /home/pi/lemonpos/build/CMakeFiles/CMakeTmp/CMakeFiles 1
Building CXX object CMakeFiles/cmTryCompileExec1136013503.dir/src.cxx.o
/usr/bin/c++    -D_OFFT_IS_64BIT   -o CMakeFiles/cmTryCompileExec1136013503.dir/src.cxx.o -c /home/pi/lemonpos/build/CMakeFiles/CMakeTmp/src.cxx
/home/pi/lemonpos/build/CMakeFiles/CMakeTmp/src.cxx:9:23: warning: left shift count >= width of type [enabled by default]
/home/pi/lemonpos/build/CMakeFiles/CMakeTmp/src.cxx:9:23: warning: left shift count >= width of type [enabled by default]
/home/pi/lemonpos/build/CMakeFiles/CMakeTmp/src.cxx:9:97: error: size of array ‘off_t_is_large’ is negative
CMakeFiles/cmTryCompileExec1136013503.dir/build.make:57: recipe for target 'CMakeFiles/cmTryCompileExec1136013503.dir/src.cxx.o' failed
make[1]: Leaving directory '/home/pi/lemonpos/build/CMakeFiles/CMakeTmp'
make[1]: *** [CMakeFiles/cmTryCompileExec1136013503.dir/src.cxx.o] Error 1
Makefile:114: recipe for target 'cmTryCompileExec1136013503/fast' failed
make: *** [cmTryCompileExec1136013503/fast] Error 2

Source file was:

#include <sys/types.h>
 /* Check that off_t can represent 2**63 - 1 correctly.
    We can't simply define LARGE_OFF_T to be 9223372036854775807,
    since some C++ compilers masquerading as C compilers
    incorrectly reject 9223372036854775807.  */
#define LARGE_OFF_T (((off_t) 1 << 62) - 1 + ((off_t) 1 << 62))

  int off_t_is_large[(LARGE_OFF_T % 2147483629 == 721 && LARGE_OFF_T % 2147483647 == 1) ? 1 : -1];
  int main() { return 0; }

